<?xml version="1.0" encoding="UTF-8"?>
<!-- Generated by org.testng.reporters.JUnitReportReporter -->
<testsuite hostname="DESKTOP-G1EMDC5" failures="0" tests="2" name="JavaStreams.JavaStreamsExamples" time="0.006" errors="0" timestamp="2021-04-15T10:49:15 CEST" skipped="0">
  <testcase classname="JavaStreams.JavaStreamsExamples" name="streamMap" time="0.000"/>
  <system-out/>
  <testcase classname="JavaStreams.JavaStreamsExamples" name="streamCollect" time="0.006"/>
  <system-out/>
</testsuite> <!-- JavaStreams.JavaStreamsExamples -->
